<?xml version="1.0" encoding="UTF-8"?>
<!-- Generated by org.testng.reporters.JUnitReportReporter -->
<testsuite skipped="0" hostname="DESKTOP-4NE9BDV" name="com.evs.testScript.TC001" tests="1" failures="0" timestamp="13 Jul 2020 09:24:45 GMT" time="27.604" errors="0">
  <testcase name="validateallfrndlist" time="27.604" classname="com.evs.testScript.TC001"/>
</testsuite> <!-- com.evs.testScript.TC001 -->
